<?xml version="1.0" encoding="utf-8"?>
<shfbBuild product="Sandcastle Help File Builder" version="2014.5.31.0" projectFile="C:\Dev-Tools\hg Repos\Downloader\Downloader\Download.shfbproj" started="20/06/2014 11:54:06 AM">
<buildStep step="Initializing">
Finding tools...
The Sandcastle tools are located in &#39;C:\Program Files (x86)\EWSoftware\Sandcastle Help File Builder\&#39;
SHFB: Warning BE0072: Project framework version &#39;.NET Framework 4.0&#39; not found.  It has been redirected and will use &#39;.NET Framework 4.5&#39; instead.
Locating components in the following folder(s):
   C:\Dev-Tools\hg Repos\Downloader\Downloader
Using presentation style &#39;VS2013&#39; located in &#39;C:\Program Files (x86)\EWSoftware\Sandcastle Help File Builder\PresentationStyles\VS2013&#39;
Loading and initializing plug-ins...
Lightweight Website Style Version 2014.5.31.0
Copyright &#169; 2006-2014, Eric Woodruff, All Rights Reserved
Portions Copyright &#169; 2014, Sam Harwell, All Rights Reserved
</buildStep>
<buildStep step="ValidatingDocumentationSources">
Validating and copying documentation source information
Source: C:\Dev-Tools\hg Repos\Downloader\Downloader\Download.csproj
    Found project &#39;C:\Dev-Tools\hg Repos\Downloader\Downloader\Download.csproj&#39;

Parsing project files
    Found assembly &#39;C:\Dev-Tools\hg Repos\Downloader\Downloader\bin\Debug\Download.dll&#39;

References to include (excluding framework assemblies):
    None

Copying XML comments files
    C:\Dev-Tools\hg Repos\Downloader\Downloader\bin\Debug\Downloader.Documentation.xml -&gt; C:\Dev-Tools\hg Repos\Downloader\Downloader\Help\Working\Downloader.Documentation.xml
</buildStep>
<buildStep step="GenerateSharedContent">
Generating shared content files (en-US, English (United States))...
<plugIn name="Lightweight Website Style" behavior="After" priority="1000">
</plugIn>    Last step completed in 00:00:00.6933
</buildStep>
<buildStep step="GenerateApiFilter">
Generating API filter for MRefBuilder...
    Last step completed in 00:00:00.0510
</buildStep>
<buildStep step="GenerateReflectionInfo">
Generating reflection information...
[C:\Windows\Microsoft.NET\Framework64\v4.0.30319\MSBuild.exe]
Build started 20/06/2014 11:54:15 AM.
Project &quot;C:\Dev-Tools\hg Repos\Downloader\Downloader\Help\Working\GenerateRefInfo.proj&quot; on node 1 (default targets).
PrepareForBuild:
  Creating directory &quot;obj\Debug\&quot;.
GenerateRefInfo:
  MRefBuilder (v2014.5.31.0)
  Copyright c 2006-2014, Microsoft Corporation, All Rights Reserved.
  Portions Copyright c 2006-2014, Eric Woodruff, All Rights Reserved.
  Loaded 1 assemblies for reflection and 1 dependency assemblies.
  Wrote information on 1 namespaces, 5 types, and 46 members
  Copying file from &quot;reflection.org&quot; to &quot;reflection.all&quot;.
  XslTransform (v2014.5.31.0)
  Copyright c 2006-2014, Microsoft Corporation, All Rights Reserved.
  Portions Copyright c 2006-2014, Eric Woodruff, All Rights Reserved.
  Applying XSL transformation &#39;C:\Program Files (x86)\EWSoftware\Sandcastle Help File Builder\ProductionTransforms\MergeDuplicates.xsl&#39;.
Done Building Project &quot;C:\Dev-Tools\hg Repos\Downloader\Downloader\Help\Working\GenerateRefInfo.proj&quot; (default targets).

Build succeeded.

Time Elapsed 00:00:05.61
    Last step completed in 00:00:08.7854
</buildStep>
<buildStep step="TransformReflectionInfo">
Transforming reflection output...
[C:\Windows\Microsoft.NET\Framework64\v4.0.30319\MSBuild.exe]
Build started 20/06/2014 11:54:22 AM.
Project &quot;C:\Dev-Tools\hg Repos\Downloader\Downloader\Help\Working\TransformManifest.proj&quot; on node 1 (default targets).
TransformManifest:
  XslTransform (v2014.5.31.0)
  Copyright c 2006-2014, Microsoft Corporation, All Rights Reserved.
  Portions Copyright c 2006-2014, Eric Woodruff, All Rights Reserved.
  Applying XSL transformation &#39;C:\Program Files (x86)\EWSoftware\Sandcastle Help File Builder\\ProductionTransforms\ApplyVSDocModel.xsl&#39;.
  Copying file from &quot;reflection.xml&quot; to &quot;reflection.nofilenames&quot;.
  XslTransform (v2014.5.31.0)
  Copyright c 2006-2014, Microsoft Corporation, All Rights Reserved.
  Portions Copyright c 2006-2014, Eric Woodruff, All Rights Reserved.
  Applying XSL transformation &#39;C:\Program Files (x86)\EWSoftware\Sandcastle Help File Builder\ProductionTransforms\AddFilenames.xsl&#39;.
  XslTransform (v2014.5.31.0)
  Copyright c 2006-2014, Microsoft Corporation, All Rights Reserved.
  Portions Copyright c 2006-2014, Eric Woodruff, All Rights Reserved.
  Applying XSL transformation &#39;C:\Program Files (x86)\EWSoftware\Sandcastle Help File Builder\ProductionTransforms\ReflectionToManifest.xsl&#39;.
Done Building Project &quot;C:\Dev-Tools\hg Repos\Downloader\Downloader\Help\Working\TransformManifest.proj&quot; (default targets).

Build succeeded.

Time Elapsed 00:00:04.55
    Last step completed in 00:00:05.6829
</buildStep>
<buildStep step="GenerateNamespaceSummaries">
Generating namespace summary information...
    Last step completed in 00:00:00.1721
</buildStep>
<buildStep step="CopyAdditionalContent">
Copying additional content files...
No additional content to copy
    Last step completed in 00:00:00.1101
</buildStep>
<buildStep step="MergeTablesOfContents">
Merging conceptual and additional tables of contents...
    Last step completed in 00:00:00.0060
</buildStep>
<buildStep step="GenerateIntermediateTableOfContents">
Generating intermediate table of contents file...
[C:\Windows\Microsoft.NET\Framework64\v4.0.30319\MSBuild.exe]
Build started 20/06/2014 11:54:29 AM.
Project &quot;C:\Dev-Tools\hg Repos\Downloader\Downloader\Help\Working\GenerateIntermediateTOC.proj&quot; on node 1 (default targets).
GenerateIntermediateTOC:
  XslTransform (v2014.5.31.0)
  Copyright c 2006-2014, Microsoft Corporation, All Rights Reserved.
  Portions Copyright c 2006-2014, Eric Woodruff, All Rights Reserved.
  Applying XSL transformation &#39;C:\Program Files (x86)\EWSoftware\Sandcastle Help File Builder\\ProductionTransforms\CreateVSToc.xsl&#39;.
Done Building Project &quot;C:\Dev-Tools\hg Repos\Downloader\Downloader\Help\Working\GenerateIntermediateTOC.proj&quot; (default targets).

Build succeeded.

Time Elapsed 00:00:01.05
Generating conceptual content intermediate TOC file...
    Last step completed in 00:00:02.8845
</buildStep>
<buildStep step="CreateBuildAssemblerConfigs">
Creating Sandcastle configuration files...
    sandcastle.config
    Last step completed in 00:00:00.3332
</buildStep>
<buildStep step="MergeCustomConfigs">
Merging custom build component configurations
C:\Dev-Tools\hg Repos\Downloader\Downloader\Help\Working\sandcastle.config
    Last step completed in 00:00:00.1551
</buildStep>
<buildStep step="BuildReferenceTopics">
Building reference help topics...
[C:\Windows\Microsoft.NET\Framework64\v4.0.30319\MSBuild.exe]
Build started 20/06/2014 11:54:32 AM.
Project &quot;C:\Dev-Tools\hg Repos\Downloader\Downloader\Help\Working\BuildReferenceTopics.proj&quot; on node 1 (default targets).
BuildReferenceTopics:
  BuildAssembler (v2014.5.31.0)
  Copyright c 2006-2014, Microsoft Corporation, All Rights Reserved.
  Portions Copyright c 2006-2014, Eric Woodruff, All Rights Reserved.
  Loading configuration...
  Processing topics...
BuildAssembler : warning : ShowMissingComponent: [N:Download] Missing &lt;summary&gt; documentation [C:\Dev-Tools\hg Repos\Downloader\Downloader\Help\Working\BuildReferenceTopics.proj]
BuildAssembler : warning : ShowMissingComponent: [M:Download.Downloader.NotifyPropertyChanged(System.String)] Missing &lt;param name=&quot;property&quot;/&gt; documentation [C:\Dev-Tools\hg Repos\Downloader\Downloader\Help\Working\BuildReferenceTopics.proj]
BuildAssembler : warning : ShowMissingComponent: [M:Download.Downloader.StartDownload(System.Uri,System.Boolean,System.Boolean,System.Boolean)] Missing &lt;param name=&quot;downloadURI&quot;/&gt; documentation [C:\Dev-Tools\hg Repos\Downloader\Downloader\Help\Working\BuildReferenceTopics.proj]
BuildAssembler : warning : ShowMissingComponent: [M:Download.Downloader.StartDownload(System.Uri,System.Boolean,System.Boolean,System.Boolean)] Missing &lt;param name=&quot;closeOnSave&quot;/&gt; documentation [C:\Dev-Tools\hg Repos\Downloader\Downloader\Help\Working\BuildReferenceTopics.proj]
BuildAssembler : warning : ShowMissingComponent: [M:Download.Downloader.StartDownload(System.Uri,System.Boolean,System.Boolean,System.Boolean)] Missing &lt;param name=&quot;runWhenComplete&quot;/&gt; documentation [C:\Dev-Tools\hg Repos\Downloader\Downloader\Help\Working\BuildReferenceTopics.proj]
BuildAssembler : warning : ShowMissingComponent: [M:Download.Downloader.StartDownload(System.Uri,System.Boolean,System.Boolean,System.Boolean)] Missing &lt;param name=&quot;headless&quot;/&gt; documentation [C:\Dev-Tools\hg Repos\Downloader\Downloader\Help\Working\BuildReferenceTopics.proj]
BuildAssembler : warning : ShowMissingComponent: [M:Download.DownloadException.#ctor(System.Runtime.Serialization.SerializationInfo,System.Runtime.Serialization.StreamingContext)] Missing &lt;param name=&quot;info&quot;/&gt; documentation [C:\Dev-Tools\hg Repos\Downloader\Downloader\Help\Working\BuildReferenceTopics.proj]
BuildAssembler : warning : ShowMissingComponent: [M:Download.DownloadException.#ctor(System.Runtime.Serialization.SerializationInfo,System.Runtime.Serialization.StreamingContext)] Missing &lt;param name=&quot;context&quot;/&gt; documentation [C:\Dev-Tools\hg Repos\Downloader\Downloader\Help\Working\BuildReferenceTopics.proj]
BuildAssembler : warning : ShowMissingComponent: [M:Download.DownloadException.#ctor(System.String)] Missing &lt;param name=&quot;message&quot;/&gt; documentation [C:\Dev-Tools\hg Repos\Downloader\Downloader\Help\Working\BuildReferenceTopics.proj]
BuildAssembler : warning : ShowMissingComponent: [M:Download.DownloadException.#ctor(System.String,System.Exception)] Missing &lt;param name=&quot;message&quot;/&gt; documentation [C:\Dev-Tools\hg Repos\Downloader\Downloader\Help\Working\BuildReferenceTopics.proj]
BuildAssembler : warning : ShowMissingComponent: [M:Download.DownloadException.#ctor(System.String,System.Exception)] Missing &lt;param name=&quot;innerException&quot;/&gt; documentation [C:\Dev-Tools\hg Repos\Downloader\Downloader\Help\Working\BuildReferenceTopics.proj]
BuildAssembler : warning : ShowMissingComponent: [M:Download.DownloadException.#ctor(System.String,System.Exception,System.Object[])] Missing &lt;param name=&quot;format&quot;/&gt; documentation [C:\Dev-Tools\hg Repos\Downloader\Downloader\Help\Working\BuildReferenceTopics.proj]
BuildAssembler : warning : ShowMissingComponent: [M:Download.DownloadException.#ctor(System.String,System.Exception,System.Object[])] Missing &lt;param name=&quot;innerException&quot;/&gt; documentation [C:\Dev-Tools\hg Repos\Downloader\Downloader\Help\Working\BuildReferenceTopics.proj]
BuildAssembler : warning : ShowMissingComponent: [M:Download.DownloadException.#ctor(System.String,System.Exception,System.Object[])] Missing &lt;param name=&quot;args&quot;/&gt; documentation [C:\Dev-Tools\hg Repos\Downloader\Downloader\Help\Working\BuildReferenceTopics.proj]
BuildAssembler : warning : ShowMissingComponent: [M:Download.DownloadException.#ctor(System.String,System.Object[])] Missing &lt;param name=&quot;format&quot;/&gt; documentation [C:\Dev-Tools\hg Repos\Downloader\Downloader\Help\Working\BuildReferenceTopics.proj]
BuildAssembler : warning : ShowMissingComponent: [M:Download.DownloadException.#ctor(System.String,System.Object[])] Missing &lt;param name=&quot;args&quot;/&gt; documentation [C:\Dev-Tools\hg Repos\Downloader\Downloader\Help\Working\BuildReferenceTopics.proj]
BuildAssembler : warning : ShowMissingComponent: [T:Download.Log] Missing &lt;summary&gt; documentation [C:\Dev-Tools\hg Repos\Downloader\Downloader\Help\Working\BuildReferenceTopics.proj]
BuildAssembler : warning : ShowMissingComponent: [M:Download.Log.CloseEmailLog] Missing &lt;summary&gt; documentation [C:\Dev-Tools\hg Repos\Downloader\Downloader\Help\Working\BuildReferenceTopics.proj]
BuildAssembler : warning : ShowMissingComponent: [F:Download.Log.EmailLog] Missing &lt;summary&gt; documentation [C:\Dev-Tools\hg Repos\Downloader\Downloader\Help\Working\BuildReferenceTopics.proj]
BuildAssembler : warning : ShowMissingComponent: [F:Download.Log.EmailLogDate] Missing &lt;summary&gt; documentation [C:\Dev-Tools\hg Repos\Downloader\Downloader\Help\Working\BuildReferenceTopics.proj]
BuildAssembler : warning : ShowMissingComponent: [M:Download.Log.EmailSent(System.String)] Missing &lt;summary&gt; documentation [C:\Dev-Tools\hg Repos\Downloader\Downloader\Help\Working\BuildReferenceTopics.proj]
BuildAssembler : warning : ShowMissingComponent: [M:Download.Log.EmailSent(System.String)] Missing &lt;param name=&quot;message&quot;/&gt; documentation [C:\Dev-Tools\hg Repos\Downloader\Downloader\Help\Working\BuildReferenceTopics.proj]
BuildAssembler : warning : ShowMissingComponent: [M:Download.Log.Error(System.String)] Missing &lt;summary&gt; documentation [C:\Dev-Tools\hg Repos\Downloader\Downloader\Help\Working\BuildReferenceTopics.proj]
BuildAssembler : warning : ShowMissingComponent: [M:Download.Log.Error(System.String)] Missing &lt;param name=&quot;in_message&quot;/&gt; documentation [C:\Dev-Tools\hg Repos\Downloader\Downloader\Help\Working\BuildReferenceTopics.proj]
BuildAssembler : warning : ShowMissingComponent: [M:Download.Log.Error(System.String,System.Exception)] Missing &lt;summary&gt; documentation [C:\Dev-Tools\hg Repos\Downloader\Downloader\Help\Working\BuildReferenceTopics.proj]
BuildAssembler : warning : ShowMissingComponent: [M:Download.Log.Error(System.String,System.Exception)] Missing &lt;param name=&quot;in_message&quot;/&gt; documentation [C:\Dev-Tools\hg Repos\Downloader\Downloader\Help\Working\BuildReferenceTopics.proj]
BuildAssembler : warning : ShowMissingComponent: [M:Download.Log.Error(System.String,System.Exception)] Missing &lt;param name=&quot;in_exception&quot;/&gt; documentation [C:\Dev-Tools\hg Repos\Downloader\Downloader\Help\Working\BuildReferenceTopics.proj]
BuildAssembler : warning : ShowMissingComponent: [M:Download.Log.Exception(System.Exception)] Missing &lt;summary&gt; documentation [C:\Dev-Tools\hg Repos\Downloader\Downloader\Help\Working\BuildReferenceTopics.proj]
BuildAssembler : warning : ShowMissingComponent: [M:Download.Log.Exception(System.Exception)] Missing &lt;param name=&quot;in_exception&quot;/&gt; documentation [C:\Dev-Tools\hg Repos\Downloader\Downloader\Help\Working\BuildReferenceTopics.proj]
BuildAssembler : warning : ShowMissingComponent: [F:Download.Log.ExceptionLogFile] Missing &lt;summary&gt; documentation [C:\Dev-Tools\hg Repos\Downloader\Downloader\Help\Working\BuildReferenceTopics.proj]
BuildAssembler : warning : ShowMissingComponent: [M:Download.Log.Info(System.String)] Missing &lt;summary&gt; documentation [C:\Dev-Tools\hg Repos\Downloader\Downloader\Help\Working\BuildReferenceTopics.proj]
BuildAssembler : warning : ShowMissingComponent: [M:Download.Log.Info(System.String)] Missing &lt;param name=&quot;in_message&quot;/&gt; documentation [C:\Dev-Tools\hg Repos\Downloader\Downloader\Help\Working\BuildReferenceTopics.proj]
BuildAssembler : warning : ShowMissingComponent: [M:Download.Log.Info(System.String,System.Exception)] Missing &lt;summary&gt; documentation [C:\Dev-Tools\hg Repos\Downloader\Downloader\Help\Working\BuildReferenceTopics.proj]
BuildAssembler : warning : ShowMissingComponent: [M:Download.Log.Info(System.String,System.Exception)] Missing &lt;param name=&quot;in_message&quot;/&gt; documentation [C:\Dev-Tools\hg Repos\Downloader\Downloader\Help\Working\BuildReferenceTopics.proj]
BuildAssembler : warning : ShowMissingComponent: [M:Download.Log.Info(System.String,System.Exception)] Missing &lt;param name=&quot;in_exception&quot;/&gt; documentation [C:\Dev-Tools\hg Repos\Downloader\Downloader\Help\Working\BuildReferenceTopics.proj]
BuildAssembler : warning : ShowMissingComponent: [F:Download.Log.level] Missing &lt;summary&gt; documentation [C:\Dev-Tools\hg Repos\Downloader\Downloader\Help\Working\BuildReferenceTopics.proj]
BuildAssembler : warning : ShowMissingComponent: [F:Download.Log.LogFile] Missing &lt;summary&gt; documentation [C:\Dev-Tools\hg Repos\Downloader\Downloader\Help\Working\BuildReferenceTopics.proj]
BuildAssembler : warning : ShowMissingComponent: [M:Download.Log.OpenEmailLog] Missing &lt;summary&gt; documentation [C:\Dev-Tools\hg Repos\Downloader\Downloader\Help\Working\BuildReferenceTopics.proj]
BuildAssembler : warning : ShowMissingComponent: [T:Download.Log.Level] Missing &lt;summary&gt; documentation [C:\Dev-Tools\hg Repos\Downloader\Downloader\Help\Working\BuildReferenceTopics.proj]
  Processed 53 topic(s)
  39 warning(s)
  CopyFromIndexComponent: &quot;reflection&quot; in-memory cache entries used: 6 of 15.
  CopyFromIndexComponent: &quot;comments&quot; in-memory cache entries used: 1 of 30.
  ResolveReferenceLinksComponent: New MSDN content ID cache size: 518 entries
Done Building Project &quot;C:\Dev-Tools\hg Repos\Downloader\Downloader\Help\Working\BuildReferenceTopics.proj&quot; (default targets).

Build succeeded.

Time Elapsed 00:00:41.69
    Last step completed in 00:00:43.8041
</buildStep>
<buildStep step="CombiningIntermediateTocFiles">
Combining conceptual and API intermediate TOC files...

Clearing any prior web output
    Last step completed in 00:00:00.0980
</buildStep>
<buildStep step="ExtractingHtmlInfo">
Extracting HTML info for HTML Help 1 and/or website...
[C:\Windows\Microsoft.NET\Framework64\v4.0.30319\MSBuild.exe]
Sandcastle Help File Builder, version 2014.5.31.0
Copyright c 2006-2014, Eric Woodruff, All Rights Reserved
E-Mail: Eric@EWoodruff.us

Using LCID &#39;1033&#39;, code page &#39;65001&#39;, encoding charset &#39;UTF-8&#39;.

Processing website files in C:\Dev-Tools\hg Repos\Downloader\Downloader\Help\Working\Output\Website
Processed 53 HTML files
Sorting keywords and generating See Also indices
Saving website keyword index to C:\Dev-Tools\hg Repos\Downloader\Downloader\Help\Working\WebKI.xml
Saving website table of contents to C:\Dev-Tools\hg Repos\Downloader\Downloader\Help\Working\WebTOC.xml
    Last step completed in 00:00:03.3827
</buildStep>
<buildStep step="CopyStandardHelpContent">
Copying standard help content...
C:\Program Files (x86)\EWSoftware\Sandcastle Help File Builder\PresentationStyles\VS2013\icons\AlertCaution.png -&gt; C:\Dev-Tools\hg Repos\Downloader\Downloader\Help\Working\Output\Website\icons\AlertCaution.png
C:\Program Files (x86)\EWSoftware\Sandcastle Help File Builder\PresentationStyles\VS2013\icons\AlertNote.png -&gt; C:\Dev-Tools\hg Repos\Downloader\Downloader\Help\Working\Output\Website\icons\AlertNote.png
C:\Program Files (x86)\EWSoftware\Sandcastle Help File Builder\PresentationStyles\VS2013\icons\AlertSecurity.png -&gt; C:\Dev-Tools\hg Repos\Downloader\Downloader\Help\Working\Output\Website\icons\AlertSecurity.png
C:\Program Files (x86)\EWSoftware\Sandcastle Help File Builder\PresentationStyles\VS2013\icons\CFW.gif -&gt; C:\Dev-Tools\hg Repos\Downloader\Downloader\Help\Working\Output\Website\icons\CFW.gif
C:\Program Files (x86)\EWSoftware\Sandcastle Help File Builder\PresentationStyles\VS2013\icons\CodeExample.png -&gt; C:\Dev-Tools\hg Repos\Downloader\Downloader\Help\Working\Output\Website\icons\CodeExample.png
C:\Program Files (x86)\EWSoftware\Sandcastle Help File Builder\PresentationStyles\VS2013\icons\favicon.ico -&gt; C:\Dev-Tools\hg Repos\Downloader\Downloader\Help\Working\Output\Website\icons\favicon.ico
C:\Program Files (x86)\EWSoftware\Sandcastle Help File Builder\PresentationStyles\VS2013\icons\privclass.gif -&gt; C:\Dev-Tools\hg Repos\Downloader\Downloader\Help\Working\Output\Website\icons\privclass.gif
C:\Program Files (x86)\EWSoftware\Sandcastle Help File Builder\PresentationStyles\VS2013\icons\privdelegate.gif -&gt; C:\Dev-Tools\hg Repos\Downloader\Downloader\Help\Working\Output\Website\icons\privdelegate.gif
C:\Program Files (x86)\EWSoftware\Sandcastle Help File Builder\PresentationStyles\VS2013\icons\privenumeration.gif -&gt; C:\Dev-Tools\hg Repos\Downloader\Downloader\Help\Working\Output\Website\icons\privenumeration.gif
C:\Program Files (x86)\EWSoftware\Sandcastle Help File Builder\PresentationStyles\VS2013\icons\privevent.gif -&gt; C:\Dev-Tools\hg Repos\Downloader\Downloader\Help\Working\Output\Website\icons\privevent.gif
C:\Program Files (x86)\EWSoftware\Sandcastle Help File Builder\PresentationStyles\VS2013\icons\privextension.gif -&gt; C:\Dev-Tools\hg Repos\Downloader\Downloader\Help\Working\Output\Website\icons\privextension.gif
C:\Program Files (x86)\EWSoftware\Sandcastle Help File Builder\PresentationStyles\VS2013\icons\privfield.gif -&gt; C:\Dev-Tools\hg Repos\Downloader\Downloader\Help\Working\Output\Website\icons\privfield.gif
C:\Program Files (x86)\EWSoftware\Sandcastle Help File Builder\PresentationStyles\VS2013\icons\privinterface.gif -&gt; C:\Dev-Tools\hg Repos\Downloader\Downloader\Help\Working\Output\Website\icons\privinterface.gif
C:\Program Files (x86)\EWSoftware\Sandcastle Help File Builder\PresentationStyles\VS2013\icons\privmethod.gif -&gt; C:\Dev-Tools\hg Repos\Downloader\Downloader\Help\Working\Output\Website\icons\privmethod.gif
C:\Program Files (x86)\EWSoftware\Sandcastle Help File Builder\PresentationStyles\VS2013\icons\privproperty.gif -&gt; C:\Dev-Tools\hg Repos\Downloader\Downloader\Help\Working\Output\Website\icons\privproperty.gif
C:\Program Files (x86)\EWSoftware\Sandcastle Help File Builder\PresentationStyles\VS2013\icons\privstructure.gif -&gt; C:\Dev-Tools\hg Repos\Downloader\Downloader\Help\Working\Output\Website\icons\privstructure.gif
C:\Program Files (x86)\EWSoftware\Sandcastle Help File Builder\PresentationStyles\VS2013\icons\protclass.gif -&gt; C:\Dev-Tools\hg Repos\Downloader\Downloader\Help\Working\Output\Website\icons\protclass.gif
C:\Program Files (x86)\EWSoftware\Sandcastle Help File Builder\PresentationStyles\VS2013\icons\protdelegate.gif -&gt; C:\Dev-Tools\hg Repos\Downloader\Downloader\Help\Working\Output\Website\icons\protdelegate.gif
C:\Program Files (x86)\EWSoftware\Sandcastle Help File Builder\PresentationStyles\VS2013\icons\protenumeration.gif -&gt; C:\Dev-Tools\hg Repos\Downloader\Downloader\Help\Working\Output\Website\icons\protenumeration.gif
C:\Program Files (x86)\EWSoftware\Sandcastle Help File Builder\PresentationStyles\VS2013\icons\protevent.gif -&gt; C:\Dev-Tools\hg Repos\Downloader\Downloader\Help\Working\Output\Website\icons\protevent.gif
C:\Program Files (x86)\EWSoftware\Sandcastle Help File Builder\PresentationStyles\VS2013\icons\protextension.gif -&gt; C:\Dev-Tools\hg Repos\Downloader\Downloader\Help\Working\Output\Website\icons\protextension.gif
C:\Program Files (x86)\EWSoftware\Sandcastle Help File Builder\PresentationStyles\VS2013\icons\protfield.gif -&gt; C:\Dev-Tools\hg Repos\Downloader\Downloader\Help\Working\Output\Website\icons\protfield.gif
C:\Program Files (x86)\EWSoftware\Sandcastle Help File Builder\PresentationStyles\VS2013\icons\protinterface.gif -&gt; C:\Dev-Tools\hg Repos\Downloader\Downloader\Help\Working\Output\Website\icons\protinterface.gif
C:\Program Files (x86)\EWSoftware\Sandcastle Help File Builder\PresentationStyles\VS2013\icons\protmethod.gif -&gt; C:\Dev-Tools\hg Repos\Downloader\Downloader\Help\Working\Output\Website\icons\protmethod.gif
C:\Program Files (x86)\EWSoftware\Sandcastle Help File Builder\PresentationStyles\VS2013\icons\protoperator.gif -&gt; C:\Dev-Tools\hg Repos\Downloader\Downloader\Help\Working\Output\Website\icons\protoperator.gif
C:\Program Files (x86)\EWSoftware\Sandcastle Help File Builder\PresentationStyles\VS2013\icons\protproperty.gif -&gt; C:\Dev-Tools\hg Repos\Downloader\Downloader\Help\Working\Output\Website\icons\protproperty.gif
C:\Program Files (x86)\EWSoftware\Sandcastle Help File Builder\PresentationStyles\VS2013\icons\protstructure.gif -&gt; C:\Dev-Tools\hg Repos\Downloader\Downloader\Help\Working\Output\Website\icons\protstructure.gif
C:\Program Files (x86)\EWSoftware\Sandcastle Help File Builder\PresentationStyles\VS2013\icons\pubclass.gif -&gt; C:\Dev-Tools\hg Repos\Downloader\Downloader\Help\Working\Output\Website\icons\pubclass.gif
C:\Program Files (x86)\EWSoftware\Sandcastle Help File Builder\PresentationStyles\VS2013\icons\pubdelegate.gif -&gt; C:\Dev-Tools\hg Repos\Downloader\Downloader\Help\Working\Output\Website\icons\pubdelegate.gif
C:\Program Files (x86)\EWSoftware\Sandcastle Help File Builder\PresentationStyles\VS2013\icons\pubenumeration.gif -&gt; C:\Dev-Tools\hg Repos\Downloader\Downloader\Help\Working\Output\Website\icons\pubenumeration.gif
C:\Program Files (x86)\EWSoftware\Sandcastle Help File Builder\PresentationStyles\VS2013\icons\pubevent.gif -&gt; C:\Dev-Tools\hg Repos\Downloader\Downloader\Help\Working\Output\Website\icons\pubevent.gif
C:\Program Files (x86)\EWSoftware\Sandcastle Help File Builder\PresentationStyles\VS2013\icons\pubextension.gif -&gt; C:\Dev-Tools\hg Repos\Downloader\Downloader\Help\Working\Output\Website\icons\pubextension.gif
C:\Program Files (x86)\EWSoftware\Sandcastle Help File Builder\PresentationStyles\VS2013\icons\pubfield.gif -&gt; C:\Dev-Tools\hg Repos\Downloader\Downloader\Help\Working\Output\Website\icons\pubfield.gif
C:\Program Files (x86)\EWSoftware\Sandcastle Help File Builder\PresentationStyles\VS2013\icons\pubinterface.gif -&gt; C:\Dev-Tools\hg Repos\Downloader\Downloader\Help\Working\Output\Website\icons\pubinterface.gif
C:\Program Files (x86)\EWSoftware\Sandcastle Help File Builder\PresentationStyles\VS2013\icons\pubmethod.gif -&gt; C:\Dev-Tools\hg Repos\Downloader\Downloader\Help\Working\Output\Website\icons\pubmethod.gif
C:\Program Files (x86)\EWSoftware\Sandcastle Help File Builder\PresentationStyles\VS2013\icons\puboperator.gif -&gt; C:\Dev-Tools\hg Repos\Downloader\Downloader\Help\Working\Output\Website\icons\puboperator.gif
C:\Program Files (x86)\EWSoftware\Sandcastle Help File Builder\PresentationStyles\VS2013\icons\pubproperty.gif -&gt; C:\Dev-Tools\hg Repos\Downloader\Downloader\Help\Working\Output\Website\icons\pubproperty.gif
C:\Program Files (x86)\EWSoftware\Sandcastle Help File Builder\PresentationStyles\VS2013\icons\pubstructure.gif -&gt; C:\Dev-Tools\hg Repos\Downloader\Downloader\Help\Working\Output\Website\icons\pubstructure.gif
C:\Program Files (x86)\EWSoftware\Sandcastle Help File Builder\PresentationStyles\VS2013\icons\SectionCollapsed.png -&gt; C:\Dev-Tools\hg Repos\Downloader\Downloader\Help\Working\Output\Website\icons\SectionCollapsed.png
C:\Program Files (x86)\EWSoftware\Sandcastle Help File Builder\PresentationStyles\VS2013\icons\SectionExpanded.png -&gt; C:\Dev-Tools\hg Repos\Downloader\Downloader\Help\Working\Output\Website\icons\SectionExpanded.png
C:\Program Files (x86)\EWSoftware\Sandcastle Help File Builder\PresentationStyles\VS2013\icons\slMobile.gif -&gt; C:\Dev-Tools\hg Repos\Downloader\Downloader\Help\Working\Output\Website\icons\slMobile.gif
C:\Program Files (x86)\EWSoftware\Sandcastle Help File Builder\PresentationStyles\VS2013\icons\static.gif -&gt; C:\Dev-Tools\hg Repos\Downloader\Downloader\Help\Working\Output\Website\icons\static.gif
C:\Program Files (x86)\EWSoftware\Sandcastle Help File Builder\PresentationStyles\VS2013\icons\xna.gif -&gt; C:\Dev-Tools\hg Repos\Downloader\Downloader\Help\Working\Output\Website\icons\xna.gif
C:\Program Files (x86)\EWSoftware\Sandcastle Help File Builder\PresentationStyles\VS2013\scripts\branding.js -&gt; C:\Dev-Tools\hg Repos\Downloader\Downloader\Help\Working\Output\Website\scripts\branding.js
C:\Program Files (x86)\EWSoftware\Sandcastle Help File Builder\PresentationStyles\VS2013\styles\branding-cs-CZ.css -&gt; C:\Dev-Tools\hg Repos\Downloader\Downloader\Help\Working\Output\Website\styles\branding-cs-CZ.css
C:\Program Files (x86)\EWSoftware\Sandcastle Help File Builder\PresentationStyles\VS2013\styles\branding-de-DE.css -&gt; C:\Dev-Tools\hg Repos\Downloader\Downloader\Help\Working\Output\Website\styles\branding-de-DE.css
C:\Program Files (x86)\EWSoftware\Sandcastle Help File Builder\PresentationStyles\VS2013\styles\branding-en-US.css -&gt; C:\Dev-Tools\hg Repos\Downloader\Downloader\Help\Working\Output\Website\styles\branding-en-US.css
C:\Program Files (x86)\EWSoftware\Sandcastle Help File Builder\PresentationStyles\VS2013\styles\branding-es-ES.css -&gt; C:\Dev-Tools\hg Repos\Downloader\Downloader\Help\Working\Output\Website\styles\branding-es-ES.css
C:\Program Files (x86)\EWSoftware\Sandcastle Help File Builder\PresentationStyles\VS2013\styles\branding-fr-FR.css -&gt; C:\Dev-Tools\hg Repos\Downloader\Downloader\Help\Working\Output\Website\styles\branding-fr-FR.css
C:\Program Files (x86)\EWSoftware\Sandcastle Help File Builder\PresentationStyles\VS2013\styles\branding-Help1.css -&gt; C:\Dev-Tools\hg Repos\Downloader\Downloader\Help\Working\Output\Website\styles\branding-Help1.css
C:\Program Files (x86)\EWSoftware\Sandcastle Help File Builder\PresentationStyles\VS2013\styles\branding-Help2.css -&gt; C:\Dev-Tools\hg Repos\Downloader\Downloader\Help\Working\Output\Website\styles\branding-Help2.css
C:\Program Files (x86)\EWSoftware\Sandcastle Help File Builder\PresentationStyles\VS2013\styles\branding-HelpViewer.css -&gt; C:\Dev-Tools\hg Repos\Downloader\Downloader\Help\Working\Output\Website\styles\branding-HelpViewer.css
C:\Program Files (x86)\EWSoftware\Sandcastle Help File Builder\PresentationStyles\VS2013\styles\branding-it-IT.css -&gt; C:\Dev-Tools\hg Repos\Downloader\Downloader\Help\Working\Output\Website\styles\branding-it-IT.css
C:\Program Files (x86)\EWSoftware\Sandcastle Help File Builder\PresentationStyles\VS2013\styles\branding-ja-JP.css -&gt; C:\Dev-Tools\hg Repos\Downloader\Downloader\Help\Working\Output\Website\styles\branding-ja-JP.css
C:\Program Files (x86)\EWSoftware\Sandcastle Help File Builder\PresentationStyles\VS2013\styles\branding-ko-KR.css -&gt; C:\Dev-Tools\hg Repos\Downloader\Downloader\Help\Working\Output\Website\styles\branding-ko-KR.css
C:\Program Files (x86)\EWSoftware\Sandcastle Help File Builder\PresentationStyles\VS2013\styles\branding-pl-PL.css -&gt; C:\Dev-Tools\hg Repos\Downloader\Downloader\Help\Working\Output\Website\styles\branding-pl-PL.css
C:\Program Files (x86)\EWSoftware\Sandcastle Help File Builder\PresentationStyles\VS2013\styles\branding-pt-BR.css -&gt; C:\Dev-Tools\hg Repos\Downloader\Downloader\Help\Working\Output\Website\styles\branding-pt-BR.css
C:\Program Files (x86)\EWSoftware\Sandcastle Help File Builder\PresentationStyles\VS2013\styles\branding-ru-RU.css -&gt; C:\Dev-Tools\hg Repos\Downloader\Downloader\Help\Working\Output\Website\styles\branding-ru-RU.css
C:\Program Files (x86)\EWSoftware\Sandcastle Help File Builder\PresentationStyles\VS2013\styles\branding-tr-TR.css -&gt; C:\Dev-Tools\hg Repos\Downloader\Downloader\Help\Working\Output\Website\styles\branding-tr-TR.css
C:\Program Files (x86)\EWSoftware\Sandcastle Help File Builder\PresentationStyles\VS2013\styles\branding-Website.css -&gt; C:\Dev-Tools\hg Repos\Downloader\Downloader\Help\Working\Output\Website\styles\branding-Website.css
C:\Program Files (x86)\EWSoftware\Sandcastle Help File Builder\PresentationStyles\VS2013\styles\branding-zh-CN.css -&gt; C:\Dev-Tools\hg Repos\Downloader\Downloader\Help\Working\Output\Website\styles\branding-zh-CN.css
C:\Program Files (x86)\EWSoftware\Sandcastle Help File Builder\PresentationStyles\VS2013\styles\branding-zh-TW.css -&gt; C:\Dev-Tools\hg Repos\Downloader\Downloader\Help\Working\Output\Website\styles\branding-zh-TW.css
C:\Program Files (x86)\EWSoftware\Sandcastle Help File Builder\PresentationStyles\VS2013\styles\branding.css -&gt; C:\Dev-Tools\hg Repos\Downloader\Downloader\Help\Working\Output\Website\styles\branding.css
C:\Program Files (x86)\EWSoftware\Sandcastle Help File Builder\PresentationStyles\VS2013\Web\index.html -&gt; C:\Dev-Tools\hg Repos\Downloader\Downloader\Help\Working\Output\Website\index.html
C:\Program Files (x86)\EWSoftware\Sandcastle Help File Builder\PresentationStyles\VS2013\Web\search.html -&gt; C:\Dev-Tools\hg Repos\Downloader\Downloader\Help\Working\Output\Website\search.html
C:\Program Files (x86)\EWSoftware\Sandcastle Help File Builder\PresentationStyles\VS2013\Web\SearchHelp.aspx -&gt; C:\Dev-Tools\hg Repos\Downloader\Downloader\Help\Working\Output\Website\SearchHelp.aspx
C:\Program Files (x86)\EWSoftware\Sandcastle Help File Builder\PresentationStyles\VS2013\Web\SearchHelp.inc.php -&gt; C:\Dev-Tools\hg Repos\Downloader\Downloader\Help\Working\Output\Website\SearchHelp.inc.php
C:\Program Files (x86)\EWSoftware\Sandcastle Help File Builder\PresentationStyles\VS2013\Web\SearchHelp.php -&gt; C:\Dev-Tools\hg Repos\Downloader\Downloader\Help\Working\Output\Website\SearchHelp.php
C:\Program Files (x86)\EWSoftware\Sandcastle Help File Builder\PresentationStyles\VS2013\Web\Web.Config -&gt; C:\Dev-Tools\hg Repos\Downloader\Downloader\Help\Working\Output\Website\Web.Config
C:\Program Files (x86)\EWSoftware\Sandcastle Help File Builder\PresentationStyles\VS2013\Web\icons\Search.png -&gt; C:\Dev-Tools\hg Repos\Downloader\Downloader\Help\Working\Output\Website\icons\Search.png
C:\Program Files (x86)\EWSoftware\Sandcastle Help File Builder\PresentationStyles\VS2013\Web\icons\TocClose.gif -&gt; C:\Dev-Tools\hg Repos\Downloader\Downloader\Help\Working\Output\Website\icons\TocClose.gif
C:\Program Files (x86)\EWSoftware\Sandcastle Help File Builder\PresentationStyles\VS2013\Web\icons\TocCollapsed.gif -&gt; C:\Dev-Tools\hg Repos\Downloader\Downloader\Help\Working\Output\Website\icons\TocCollapsed.gif
C:\Program Files (x86)\EWSoftware\Sandcastle Help File Builder\PresentationStyles\VS2013\Web\icons\TocExpanded.gif -&gt; C:\Dev-Tools\hg Repos\Downloader\Downloader\Help\Working\Output\Website\icons\TocExpanded.gif
C:\Program Files (x86)\EWSoftware\Sandcastle Help File Builder\PresentationStyles\VS2013\Web\icons\TocOpen.gif -&gt; C:\Dev-Tools\hg Repos\Downloader\Downloader\Help\Working\Output\Website\icons\TocOpen.gif
C:\Program Files (x86)\EWSoftware\Sandcastle Help File Builder\PresentationStyles\VS2013\Web\scripts\branding-Website.js -&gt; C:\Dev-Tools\hg Repos\Downloader\Downloader\Help\Working\Output\Website\scripts\branding-Website.js
C:\Program Files (x86)\EWSoftware\Sandcastle Help File Builder\PresentationStyles\VS2013\Web\scripts\jquery-1.11.0.min.js -&gt; C:\Dev-Tools\hg Repos\Downloader\Downloader\Help\Working\Output\Website\scripts\jquery-1.11.0.min.js
    Last step completed in 00:00:03.8228
</buildStep>
<buildStep step="GenerateHelpFormatTableOfContents">
Generating website table of contents file...
    Last step completed in 00:00:00.0500
</buildStep>
<buildStep step="GenerateFullTextIndex">
Generating full-text index for the website...

<plugIn name="Lightweight Website Style" behavior="After" priority="1000">
Adding lightweight search and TOC elements to each topic...
</plugIn>    Last step completed in 00:00:01.8219
</buildStep>
<buildStep step="CopyingWebsiteFiles">
Copying website files to output folder...

Copied 100 files
Copied 163 files for the website content
    Last step completed in 00:00:01.4865
</buildStep>
<buildStep step="CleanIntermediates">
Removing intermediate files...
    Last step completed in 00:00:00.1991
</buildStep>
<buildStep step="Completed">

Build completed successfully at 06/20/2014 11:55 AM.  Total time: 00:01:19.4221

</buildStep>
</shfbBuild>
